<?xml version="1.0" encoding="UTF-8"?>
<!-- Generated by org.testng.reporters.JUnitReportReporter -->
<testsuite skipped="0" hostname="Lenovo-PC" name="testCases.loginclass" tests="3" failures="0" timestamp="25 Mar 2017 09:59:12 GMT" time="12.892" errors="0">
  <testcase name="test1" time="0.235" classname="testCases.loginclass"/>
  <testcase name="readproperties" time="1.029" classname="testCases.loginclass"/>
  <testcase name="opensite" time="11.628" classname="testCases.loginclass"/>
</testsuite> <!-- testCases.loginclass -->
