<?xml version="1.0" encoding="UTF-8"?>
<!-- Generated by org.testng.reporters.JUnitReportReporter -->
<testsuite skipped="0" hostname="Lenovo-PC" name="testCases.Flightbooking" tests="5" failures="0" timestamp="25 Mar 2017 09:59:12 GMT" time="45.459" errors="0">
  <testcase name="Flightsearch1" time="18.867" classname="testCases.Flightbooking"/>
  <testcase name="Flightsearch2" time="2.990" classname="testCases.Flightbooking"/>
  <testcase name="Flightsearch3" time="0.691" classname="testCases.Flightbooking"/>
  <testcase name="Flightsearch4" time="6.102" classname="testCases.Flightbooking"/>
  <testcase name="Flightsearch5" time="16.809" classname="testCases.Flightbooking"/>
</testsuite> <!-- testCases.Flightbooking -->
