<?xml version="1.0" encoding="UTF-8"?>
<!-- Generated by org.testng.reporters.JUnitReportReporter -->
<testsuite skipped="0" hostname="Lenovo-PC" name="testCases.Register" tests="3" failures="0" timestamp="25 Mar 2017 09:59:12 GMT" time="21.601" errors="0">
  <testcase name="registration" time="15.776" classname="testCases.Register"/>
  <testcase name="credentialvalidation" time="5.682" classname="testCases.Register"/>
  <testcase name="checkuseridafterregistration" time="0.143" classname="testCases.Register"/>
</testsuite> <!-- testCases.Register -->
